<?xml version="1.0" encoding="UTF-8"?>
<!-- Generated by org.testng.reporters.JUnitReportReporter -->
<testsuite hostname="DESKTOP-5M4OGG2" failures="0" tests="4" name="baseclass.BaseClass" time="66.547" errors="0" timestamp="2022-11-07T16:39:33 IST" skipped="0">
  <testcase classname="baseclass.BaseClass" name="OpenBrowser" time="62.488"/>
  <system-out/>
  <testcase classname="baseclass.BaseClass" name="CheckReleaseDate" time="0.826"/>
  <system-out/>
  <testcase classname="baseclass.BaseClass" name="CheckCountryName" time="0.076"/>
  <system-out/>
  <testcase classname="baseclass.BaseClass" name="closeBrowser" time="3.157"/>
  <system-out/>
</testsuite> <!-- baseclass.BaseClass -->
